<?xml version="1.0" encoding="UTF-8"?>
<!-- Generated by org.testng.reporters.JUnitReportReporter -->
<testsuite hostname="DESKTOP-PKVSA89" failures="0" tests="2" name="com.WebTable.ApplicationLaunch" time="12.635" errors="1" timestamp="2022-10-27T23:54:40 GMT-07:00" skipped="1">
  <testcase classname="com.WebTable.ApplicationLaunch" name="dynamicwebtable" time="0.000">
    <skipped/>
  </testcase> <!-- dynamicwebtable -->
  <system-out/>
  <testcase classname="com.WebTable.ApplicationLaunch" name="apllicationLaunch" time="12.635">
    <error message="session not created: This version of ChromeDriver only supports Chrome version 105
Current browser version is 107.0.5304.62 with binary path C:\Program Files (x86)\Google\Chrome\Application\chrome.exe
Build info: version: &#039;3.141.59&#039;, revision: &#039;e82be7d358&#039;, time: &#039;2018-11-14T08:25:53&#039;
System info: host: &#039;DESKTOP-PKVSA89&#039;, ip: &#039;192.168.1.15&#039;, os.name: &#039;Windows 10&#039;, os.arch: &#039;amd64&#039;, os.version: &#039;10.0&#039;, java.version: &#039;18.0.2.1&#039;
Driver info: driver.version: ChromeDriver
remote stacktrace: Backtrace:
	Ordinal0 [0x010BDF13+2219795]
	Ordinal0 [0x01052841+1779777]
	Ordinal0 [0x00F6423D+803389]
	Ordinal0 [0x00F864AC+943276]
	Ordinal0 [0x00F819F0+924144]
	Ordinal0 [0x00F7F179+913785]
	Ordinal0 [0x00FB36B9+1128121]
	Ordinal0 [0x00FB331A+1127194]
	Ordinal0 [0x00FAE616+1107478]
	Ordinal0 [0x00F87F89+950153]
	Ordinal0 [0x00F88F56+954198]
	GetHandleVerifier [0x013B2CB2+3040210]
	GetHandleVerifier [0x013A2BB4+2974420]
	GetHandleVerifier [0x01156A0A+565546]
	GetHandleVerifier [0x01155680+560544]
	Ordinal0 [0x01059A5C+1808988]
	Ordinal0 [0x0105E3A8+1827752]
	Ordinal0 [0x0105E495+1827989]
	Ordinal0 [0x010680A4+1867940]
	BaseThreadInitThunk [0x76A3FA29+25]
	RtlGetAppContainerNamedObjectPath [0x77107BBE+286]
	RtlGetAppContainerNamedObjectPath [0x77107B8E+238]
" type="org.openqa.selenium.SessionNotCreatedException">
      <![CDATA[org.openqa.selenium.SessionNotCreatedException: session not created: This version of ChromeDriver only supports Chrome version 105
Current browser version is 107.0.5304.62 with binary path C:\Program Files (x86)\Google\Chrome\Application\chrome.exe
Build info: version: '3.141.59', revision: 'e82be7d358', time: '2018-11-14T08:25:53'
System info: host: 'DESKTOP-PKVSA89', ip: '192.168.1.15', os.name: 'Windows 10', os.arch: 'amd64', os.version: '10.0', java.version: '18.0.2.1'
Driver info: driver.version: ChromeDriver
remote stacktrace: Backtrace:
Ordinal0 [0x010BDF13+2219795]
Ordinal0 [0x01052841+1779777]
Ordinal0 [0x00F6423D+803389]
Ordinal0 [0x00F864AC+943276]
Ordinal0 [0x00F819F0+924144]
Ordinal0 [0x00F7F179+913785]
Ordinal0 [0x00FB36B9+1128121]
Ordinal0 [0x00FB331A+1127194]
Ordinal0 [0x00FAE616+1107478]
Ordinal0 [0x00F87F89+950153]
Ordinal0 [0x00F88F56+954198]
GetHandleVerifier [0x013B2CB2+3040210]
GetHandleVerifier [0x013A2BB4+2974420]
GetHandleVerifier [0x01156A0A+565546]
GetHandleVerifier [0x01155680+560544]
Ordinal0 [0x01059A5C+1808988]
Ordinal0 [0x0105E3A8+1827752]
Ordinal0 [0x0105E495+1827989]
Ordinal0 [0x010680A4+1867940]
BaseThreadInitThunk [0x76A3FA29+25]
RtlGetAppContainerNamedObjectPath [0x77107BBE+286]
RtlGetAppContainerNamedObjectPath [0x77107B8E+238]

at java.base/jdk.internal.reflect.DirectConstructorHandleAccessor.newInstance(DirectConstructorHandleAccessor.java:67)
at java.base/java.lang.reflect.Constructor.newInstanceWithCaller(Constructor.java:499)
at java.base/java.lang.reflect.Constructor.newInstance(Constructor.java:483)
at org.openqa.selenium.remote.W3CHandshakeResponse.lambda$errorHandler$0(W3CHandshakeResponse.java:62)
at org.openqa.selenium.remote.HandshakeResponse.lambda$getResponseFunction$0(HandshakeResponse.java:30)
at org.openqa.selenium.remote.ProtocolHandshake.lambda$createSession$0(ProtocolHandshake.java:126)
at java.base/java.util.stream.ReferencePipeline$3$1.accept(ReferencePipeline.java:197)
at java.base/java.util.Spliterators$ArraySpliterator.tryAdvance(Spliterators.java:1002)
at java.base/java.util.stream.ReferencePipeline.forEachWithCancel(ReferencePipeline.java:129)
at java.base/java.util.stream.AbstractPipeline.copyIntoWithCancel(AbstractPipeline.java:527)
at java.base/java.util.stream.AbstractPipeline.copyInto(AbstractPipeline.java:513)
at java.base/java.util.stream.AbstractPipeline.wrapAndCopyInto(AbstractPipeline.java:499)
at java.base/java.util.stream.FindOps$FindOp.evaluateSequential(FindOps.java:150)
at java.base/java.util.stream.AbstractPipeline.evaluate(AbstractPipeline.java:234)
at java.base/java.util.stream.ReferencePipeline.findFirst(ReferencePipeline.java:647)
at org.openqa.selenium.remote.ProtocolHandshake.createSession(ProtocolHandshake.java:128)
at org.openqa.selenium.remote.ProtocolHandshake.createSession(ProtocolHandshake.java:74)
at org.openqa.selenium.remote.HttpCommandExecutor.execute(HttpCommandExecutor.java:136)
at org.openqa.selenium.remote.service.DriverCommandExecutor.execute(DriverCommandExecutor.java:83)
at org.openqa.selenium.remote.RemoteWebDriver.execute(RemoteWebDriver.java:552)
at org.openqa.selenium.remote.RemoteWebDriver.startSession(RemoteWebDriver.java:213)
at org.openqa.selenium.remote.RemoteWebDriver.<init>(RemoteWebDriver.java:131)
at org.openqa.selenium.chrome.ChromeDriver.<init>(ChromeDriver.java:181)
at org.openqa.selenium.chrome.ChromeDriver.<init>(ChromeDriver.java:168)
at org.openqa.selenium.chrome.ChromeDriver.<init>(ChromeDriver.java:123)
at com.WebTable.ApplicationLaunch.apllicationLaunch(ApplicationLaunch.java:17)
at java.base/jdk.internal.reflect.DirectMethodHandleAccessor.invoke(DirectMethodHandleAccessor.java:104)
at java.base/java.lang.reflect.Method.invoke(Method.java:577)
at org.testng.internal.MethodInvocationHelper.invokeMethod(MethodInvocationHelper.java:133)
at org.testng.internal.MethodInvocationHelper.invokeMethodConsideringTimeout(MethodInvocationHelper.java:62)
at org.testng.internal.ConfigInvoker.invokeConfigurationMethod(ConfigInvoker.java:385)
at org.testng.internal.ConfigInvoker.invokeConfigurations(ConfigInvoker.java:321)
at org.testng.TestRunner.invokeTestConfigurations(TestRunner.java:637)
at org.testng.TestRunner.beforeRun(TestRunner.java:627)
at org.testng.TestRunner.run(TestRunner.java:589)
at org.testng.SuiteRunner.runTest(SuiteRunner.java:377)
at org.testng.SuiteRunner.runSequentially(SuiteRunner.java:371)
at org.testng.SuiteRunner.privateRun(SuiteRunner.java:332)
at org.testng.SuiteRunner.run(SuiteRunner.java:276)
at org.testng.SuiteRunnerWorker.runSuite(SuiteRunnerWorker.java:53)
at org.testng.SuiteRunnerWorker.run(SuiteRunnerWorker.java:96)
at org.testng.TestNG.runSuitesSequentially(TestNG.java:1212)
at org.testng.TestNG.runSuitesLocally(TestNG.java:1134)
at org.testng.TestNG.runSuites(TestNG.java:1063)
at org.testng.TestNG.run(TestNG.java:1031)
at org.testng.remote.AbstractRemoteTestNG.run(AbstractRemoteTestNG.java:115)
at org.testng.remote.RemoteTestNG.initAndRun(RemoteTestNG.java:251)
at org.testng.remote.RemoteTestNG.main(RemoteTestNG.java:77)
]]>
    </error>
  </testcase> <!-- apllicationLaunch -->
  <system-out/>
</testsuite> <!-- com.WebTable.ApplicationLaunch -->
